{"aatime":"2017-08-29 10:51:56.171","cmd":4107,"uuid":"95b66cc9","md5":"b46d65840e9b4ed952d9ce98fad7660b","path":"libganalysis.so"}
{"aatime":"2017-08-29 10:51:56.172","abi":"armeabi-v7a","brand":"Xiaomi","cert":"OpenSSLRSAPublicKey{modulus=d6931904dec60b24b1edc762e0d9d8253e3ecd6ceb1de2ff068ca8e8bca8cd6bd3786ea70aa76ce60ebb0f993559ffd93e77a943e7e83d4b64b8e4fea2d3e656f1e267a81bbfb230b578c20443be4c7218b846f5211586f038a14e89c2be387f8ebecf8fcac3da1ee330c9ea93d0a7c3dc4af350220d50080732e0809717ee6a053359e6a694ec2cb3f284a0a466c87a94d83b31093a67372e2f6412c06e6d42f15818dffe0381cc0cd444da6cddc3b82458194801b32564134fbfde98c9287748dbf5676a540d8154c8bbca07b9e247553311c46b9af76fdeeccc8e69e7c8a2d08e782620943f99727d3c04fe72991d99df9bae38a0b2177fa31d5b6afee91f,publicExponent=3}","cmd":4098,"cmd5":"6173CA944E5F1A1F092F64628315EC2A","imei":"","instime":1503999461764,"mac":"9c:99:a0:c0:17:4d","model":"2014811","pkg":"com.youan.universal","product":"Wingtech","root":true,"sno":"95b66cc9","sysfinger":"Xiaomi/wt88047/wt88047:5.1.1/LMY47V/V8.2.1.0.LHJMIDL:user/release-keys","systags":"release-keys","sysver":"7.1.2","uptime":1504002622802,"uuid":"95b66cc9","vm":false}
{"aatime":"2017-08-29 10:54:31.557","cmd":1234,"sierrno":222,"sigcode":333,"signo":111,"uuid":"xxx1234"}
{"aatime":"2017-08-29 10:54:35.555","abi":"armeabi-v7a","brand":"htc","cert":"OpenSSLRSAPublicKey{modulus=80e81c4366eb5c25dc6d9481fae8732b042062b8fa57aba8a71a0f2c179916180f3b104df22cf915e87d9cd09fec919ee3d2e5cfd2698b17d86df8d18b54078c3f41708d9e733d50ba9c2cf5c50304280eedab80f649f8b7ba21cf1da7d5c811e28d852413a56bbd0b01aee1c50586d6ec9cf9f5d80d31d4658f53548a6b720f06650272123626bb1b041e6b6b00e19f1caba231fee540d97a3ac4a47971bddfd5537e6420fe3ebb984dc58a8ff3be1ed622694fac5ff9a0350a43fcc845df8c7e091078c416f9b25a32f8cd0dae1cb3a1214a44a30c0f8abc381accce8423a972217afb404a3f66381a0bf026cc98212c22a431cccc422b3b897aa38f0e3647,publicExponent=10001}","cmd":4098,"cmd5":"22C054BE042B866AA4D6C3F879E47FF4","imei":"357584051356576","instime":1428194664891,"mac":"00:ee:bd:00:3a:64","model":"HTC 802t 16GB","pkg":"com.AndroidMain.AndroidMain","product":"HTC","root":true,"sno":"HC436W900062","sysver":"5.0.2","uptime":1428206184617,"uuid":"HC436W900062"}
{"aatime":"2017-08-29 10:54:35.556","cmd":4097,"uuid":"HC436W900062","md5":"9B01BCD107EA66B64A561F6D67B6DF97","path":"/system/vendor/lib/egl/libGLESv2_adreno.so"}
{"aatime":"2017-08-29 10:54:35.556","cmd":4097,"uuid":"HC436W900062","md5":"4A0A4A14BDBB120A41C26999734143C7","path":"/system/lib/libaudioeffect_jni.so"}
{"aatime":"2017-08-29 10:54:35.556","cmd":4097,"uuid":"HC436W900062","md5":"4B290692D5C8BD2B9416A16B5B83FDA1","path":"/system/lib/libexternal.so"}
{"aatime":"2017-08-29 10:54:35.556","cmd":4097,"uuid":"HC436W900062","md5":"6C8FCEA6F041A8FA39C0CDBB8CE189FF","path":"/system/lib/libutils.so"}
{"aatime":"2017-08-29 10:54:35.556","cmd":4097,"uuid":"HC436W900062","md5":"4FF9D436BD6372C1DBC43CC644359437","path":"/system/lib/libstlport.so"}
{"aatime":"2017-08-29 10:54:35.556","cmd":4097,"uuid":"HC436W900062","md5":"A8EA1ABF8D18B59AB764C846D35D09E7","path":"/system/lib/libcutils.so"}
{"aatime":"2017-08-29 10:54:35.556","cmd":4097,"uuid":"HC436W900062","md5":"8557EE0200B9024C38044FD6FC934D2B","path":"/system/lib/libGLES_trace.so"}
{"aatime":"2017-08-29 10:54:35.556","cmd":4097,"uuid":"HC436W900062","md5":"A0E15F6B7E0395B80755C911E34CA67F","path":"/system/lib/libEGL.so"}
{"aatime":"2017-08-29 10:54:35.556","cmd":4097,"uuid":"HC436W900062","md5":"7226434D2DC6E8A35F154BCC5082E691","path":"/system/lib/libandroid_runtime.so"}
{"aatime":"2017-08-29 10:54:35.556","cmd":4097,"uuid":"HC436W900062","md5":"FF114AB68ABC9853E653AD03E75A0EBA","path":"/system/lib/libstdc++.so"}
{"aatime":"2017-08-29 10:54:35.556","cmd":4097,"uuid":"HC436W900062","md5":"B700BB65D0F7A075B7D55E0243C60B89","path":"/system/lib/libm.so"}
{"aatime":"2017-08-29 10:54:35.556","cmd":4097,"uuid":"HC436W900062","md5":"A7F49C4BF0BAE5142D0FF7C2616CABDA","path":"/system/lib/liblog.so"}
{"aatime":"2017-08-29 10:54:35.556","cmd":4097,"uuid":"HC436W900062","md5":"561D8987CC870EC298F3E798AA041005","path":"/system/lib/libc.so"}
{"aatime":"2017-08-29 10:54:35.556","cmd":4097,"uuid":"HC436W900062","md5":"31452F19879A140BD4D88EFC4B7891AD","path":"/system/lib/libqservice.so"}
{"aatime":"2017-08-29 10:54:35.556","cmd":4097,"uuid":"HC436W900062","md5":"EF81E26A5F5EC633F54C8BD447358A95","path":"/system/lib/libsigchain.so"}
{"aatime":"2017-08-29 10:54:35.556","cmd":4097,"uuid":"HC436W900062","md5":"54A89D00301A8978B25285B937C48D57","path":"/system/lib/libpowermanager.so"}
{"aatime":"2017-08-29 10:54:35.556","cmd":4097,"uuid":"HC436W900062","md5":"12D205448A28979CEA7574E1F353005C","path":"/system/lib/libopus.so"}
{"aatime":"2017-08-29 10:54:35.556","cmd":4097,"uuid":"HC436W900062","md5":"B96A31C3EB7639F4ACBD0282D53B5ED0","path":"/system/lib/libdrmframework.so"}
{"aatime":"2017-08-29 10:54:35.556","cmd":4097,"uuid":"HC436W900062","md5":"39297809B0413EA37BCC1AC032C783FF","path":"/system/lib/libstagefright.so"}
{"aatime":"2017-08-29 10:54:35.556","cmd":4097,"uuid":"HC436W900062","md5":"9AFDC0075A7F32621CFE95A0F5CF3F70","path":"/system/lib/libmtp.so"}
{"aatime":"2017-08-29 10:54:35.556","cmd":4097,"uuid":"HC436W900062","md5":"2CA3B2F0BD6DA6DCF78F5E029B8C7924","path":"/system/lib/libjhead.so"}
{"aatime":"2017-08-29 10:54:35.556","cmd":4097,"uuid":"HC436W900062","md5":"D415EF73B8C8EACC346B41FF9C6292C0","path":"/system/lib/libexif.so"}
{"aatime":"2017-08-29 10:54:35.556","cmd":4097,"uuid":"HC436W900062","md5":"DFB322280FD8600D005E5BAFE6DF72D3","path":"/system/lib/libmedia_jni.so"}
{"aatime":"2017-08-29 10:54:35.556","cmd":4097,"uuid":"HC436W900062","md5":"62171DB927D8E212A148043D15D007AB","path":"/system/lib/libsoundpool.so"}
{"aatime":"2017-08-29 10:54:35.556","cmd":4097,"uuid":"HC436W900062","md5":"C1A29967C0459C0BBDEC5DBEDD141B2A","path":"/system/lib/librs_jni.so"}
{"aatime":"2017-08-29 10:54:35.556","cmd":4097,"uuid":"HC436W900062","md5":"36E6B90131886803DEE775C17E433552","path":"/system/lib/libwebviewchromium_loader.so"}
{"aatime":"2017-08-29 10:54:35.556","cmd":4097,"uuid":"HC436W900062","md5":"2ADB9AA6E421C6258E727D85CB0F311A","path":"/system/lib/libcompiler_rt.so"}
{"aatime":"2017-08-29 10:54:35.556","cmd":4097,"uuid":"HC436W900062","md5":"C36D1E555C2DF2C6DD3522247B7F15F3","path":"/system/vendor/lib/egl/libGLESv1_CM_adreno.so"}
{"aatime":"2017-08-29 10:54:35.556","cmd":4097,"uuid":"HC436W900062","md5":"28C3D357402846717BF24F2F3C7F74AA","path":"/system/vendor/lib/libgsl.so"}
{"aatime":"2017-08-29 10:54:35.556","cmd":4097,"uuid":"HC436W900062","md5":"7B2CC7B5BB6947BB390E97BC3E76AA36","path":"/system/vendor/lib/egl/libEGL_adreno.so"}
{"aatime":"2017-08-29 10:54:35.556","cmd":4097,"uuid":"HC436W900062","md5":"0A94D35280C21E1B335C78D365C5BDC6","path":"/system/lib/libmm-color-convertor.so"}
{"aatime":"2017-08-29 10:54:35.556","cmd":4097,"uuid":"HC436W900062","md5":"0D913D4953717A758F7D0A7E1721E53F","path":"/system/lib/libqdutils.so"}
{"aatime":"2017-08-29 10:54:35.556","cmd":4097,"uuid":"HC436W900062","md5":"85F5D39CF4AAD4A26C0A3D2C760702E7","path":"/system/lib/libandroid.so"}
{"aatime":"2017-08-29 10:54:35.556","cmd":4097,"uuid":"HC436W900062","md5":"D1448CA9AA90CC590F7C6737B6ED4D81","path":"/system/lib/libmemalloc.so"}
{"aatime":"2017-08-29 10:54:35.556","cmd":4097,"uuid":"HC436W900062","md5":"EAEB4C1934F306C3FCDAD74BA87D6AFA","path":"/system/lib/libstagefright_amrnb_common.so"}
{"aatime":"2017-08-29 10:54:35.556","cmd":4097,"uuid":"HC436W900062","md5":"F4DF7635108F2BC39A088A863A279BDB","path":"/system/lib/libjavacrypto.so"}
{"aatime":"2017-08-29 10:54:35.556","cmd":4097,"uuid":"HC436W900062","md5":"65E8C25E7412632995B1E26575F59ABD","path":"/system/lib/libjnigraphics.so"}
{"aatime":"2017-08-29 10:54:35.556","cmd":4097,"uuid":"HC436W900062","md5":"6800327F4B8AA483766BF32C6C9B7C49","path":"/system/vendor/lib/libadreno_utils.so"}
{"aatime":"2017-08-29 10:54:35.556","cmd":4097,"uuid":"HC436W900062","md5":"92F6CE2F5083C68295056D6799B9F655","path":"/system/lib/libhtcflag-jni.so"}
{"aatime":"2017-08-29 10:54:35.556","cmd":4097,"uuid":"HC436W900062","md5":"20F2D49586EA42A00B3C46A8D7C07EF4","path":"/system/lib/libxposed_art.so"}
{"aatime":"2017-08-29 10:54:35.556","cmd":4097,"uuid":"HC436W900062","md5":"99C44CF02DE0D82A18D3FCA87BFA7F16","path":"/data/app/com.AndroidMain.AndroidMain-2/lib/arm/libHelloJni.so"}
{"aatime":"2017-08-29 10:54:35.556","cmd":4097,"uuid":"HC436W900062","md5":"3D32D9D45E41C35794A0EA1AB526C42A","path":"/data/app/com.AndroidMain.AndroidMain-2/lib/arm/libcurl.so"}
{"aatime":"2017-08-29 10:54:35.556","cmd":4097,"uuid":"HC436W900062","md5":"4667FE963BFF42A3770A192E657A4090","path":"/system/lib/libjavacore.so"}
{"aatime":"2017-08-29 10:54:35.556","cmd":4097,"uuid":"HC436W900062","md5":"988426BC42B71648DCEE2EC79E30B3D9","path":"/system/lib/libbacktrace_libc++.so"}
{"aatime":"2017-08-29 10:54:35.556","cmd":4097,"uuid":"HC436W900062","md5":"E56C05E94C07CFD152E291B1C0A3ED61","path":"/system/lib/libart.so"}
{"aatime":"2017-08-29 10:54:35.556","cmd":4097,"uuid":"HC436W900062","md5":"FD5593713B063B00FA72D6F4631F9748","path":"/system/lib/libvorbisidec.so"}
{"aatime":"2017-08-29 10:54:35.556","cmd":4097,"uuid":"HC436W900062","md5":"64A60A69D2C3C3DBFC65AFA24501A295","path":"/system/lib/libusbhost.so"}
{"aatime":"2017-08-29 10:54:35.556","cmd":4097,"uuid":"HC436W900062","md5":"27FA30B12EA12B880B3280D52DFD9A7F","path":"/system/lib/libssl.so"}
{"aatime":"2017-08-29 10:54:35.556","cmd":4097,"uuid":"HC436W900062","md5":"7FB132F485C6C43FF3F76426BE0B27C0","path":"/system/lib/libsqlite.so"}
{"aatime":"2017-08-29 10:54:35.556","cmd":4097,"uuid":"HC436W900062","md5":"FA1E36BCA856EB326693C7433C30BA52","path":"/system/lib/libsoundtrigger.so"}
{"aatime":"2017-08-29 10:54:35.556","cmd":4097,"uuid":"HC436W900062","md5":"947267810A5737625AC7312C0E24A405","path":"/system/lib/libselinux.so"}
{"aatime":"2017-08-29 10:54:35.556","cmd":4097,"uuid":"HC436W900062","md5":"BE6CDBE6DCDF81641CE64F84906003EA","path":"/system/lib/libprocessgroup.so"}
{"aatime":"2017-08-29 10:54:35.556","cmd":4097,"uuid":"HC436W900062","md5":"74094B429044F7021F500B311FF075A0","path":"/system/lib/libpdfium.so"}
{"aatime":"2017-08-29 10:54:35.556","cmd":4097,"uuid":"HC436W900062","md5":"8B47A621A61C5E523D613A362692DC05","path":"/system/lib/libnetd_client.so"}
{"aatime":"2017-08-29 10:54:35.556","cmd":4097,"uuid":"HC436W900062","md5":"A281FA9138E11EDE10DC53F36045C434","path":"/system/lib/libnativehelper.so"}
{"aatime":"2017-08-29 10:54:35.556","cmd":4097,"uuid":"HC436W900062","md5":"5D5C57D8EA23A4CC55532CA708FB1EDD","path":"/system/lib/libnativebridge.so"}
{"aatime":"2017-08-29 10:54:35.556","cmd":4097,"uuid":"HC436W900062","md5":"C37940AFD3D9CD70B0342EC20EB3D10A","path":"/system/lib/libstagefright_yuv.so"}
{"aatime":"2017-08-29 10:54:35.556","cmd":4097,"uuid":"HC436W900062","md5":"A2B9AE03A09A4B2494E4D5822FAC2316","path":"/system/lib/libminikin.so"}
{"aatime":"2017-08-29 10:54:35.556","cmd":4097,"uuid":"HC436W900062","md5":"A4416239046B9B828887CB4C41A92CBC","path":"/system/lib/libmemtrack.so"}
{"aatime":"2017-08-29 10:54:35.556","cmd":4097,"uuid":"HC436W900062","md5":"E8F6963C9E620D42DB98D8D9D7B5386F","path":"/system/lib/libstagefright_foundation.so"}
{"aatime":"2017-08-29 10:54:35.556","cmd":4097,"uuid":"HC436W900062","md5":"A12D2710474E733755884C0D1E21F79C","path":"/system/lib/libsonivox.so"}
{"aatime":"2017-08-29 10:54:35.556","cmd":4097,"uuid":"HC436W900062","md5":"1581CFE9EBB181FB209B08063E14876C","path":"/system/lib/libcommon_time_client.so"}
{"aatime":"2017-08-29 10:54:35.556","cmd":4097,"uuid":"HC436W900062","md5":"C98E5DC5BA9D7576DE591A72461D6135","path":"/system/lib/libnbaio.so"}
{"aatime":"2017-08-29 10:54:35.556","cmd":4097,"uuid":"HC436W900062","md5":"D12582849F0F7F2773C0B6E121716D3B","path":"/system/lib/libmedia.so"}
{"aatime":"2017-08-29 10:54:35.556","cmd":4097,"uuid":"HC436W900062","md5":"BCBAC531FACEA727FA20A2FF02D1CDFC","path":"/system/lib/libinputflinger.so"}
{"aatime":"2017-08-29 10:54:35.556","cmd":4097,"uuid":"HC436W900062","md5":"F6FAD381815B773A14D2E6872FB0C3D5","path":"/system/lib/libinput.so"}
{"aatime":"2017-08-29 10:54:35.556","cmd":4097,"uuid":"HC436W900062","md5":"4054DCFF219B9E9D5A82DAAA21B98B8A","path":"/system/lib/libimg_utils.so"}
{"aatime":"2017-08-29 10:54:35.556","cmd":4097,"uuid":"HC436W900062","md5":"BB96DF30287E02FE023A0FF898FD7674","path":"/system/lib/libstagefright_omx.so"}
{"aatime":"2017-08-29 10:54:35.556","cmd":4097,"uuid":"HC436W900062","md5":"BAFDD1D80104DC0725A8D3D3471D1FFF","path":"/system/lib/libjpeg.so"}
{"aatime":"2017-08-29 10:54:35.556","cmd":4097,"uuid":"HC436W900062","md5":"E102D4F0C23FEA9C997E94CA54FF7EFD","path":"/system/lib/libskia.so"}
{"aatime":"2017-08-29 10:54:35.556","cmd":4097,"uuid":"HC436W900062","md5":"42F01159D94386C400EC9CF6EC06B6CF","path":"/system/lib/libRScpp.so"}
{"aatime":"2017-08-29 10:54:35.556","cmd":4097,"uuid":"HC436W900062","md5":"56BD453F677C034B374081055F0E2904","path":"/system/lib/libpng.so"}
{"aatime":"2017-08-29 10:54:35.556","cmd":4097,"uuid":"HC436W900062","md5":"2E51DC8557D6159EE255712789D5BB87","path":"/system/lib/libft2.so"}
{"aatime":"2017-08-29 10:54:35.556","cmd":4097,"uuid":"HC436W900062","md5":"975010B33087B7DBA528BB974DB241D7","path":"/system/lib/libbcinfo.so"}
{"aatime":"2017-08-29 10:54:35.556","cmd":4097,"uuid":"HC436W900062","md5":"9546788AFEB1ABB8E6D4071FCB0D12D1","path":"/system/lib/libbcc.so"}
{"aatime":"2017-08-29 10:54:35.556","cmd":4097,"uuid":"HC436W900062","md5":"31793A0C853755622537E9F3FAC14411","path":"/system/lib/libc++.so"}
{"aatime":"2017-08-29 10:54:35.556","cmd":4097,"uuid":"HC436W900062","md5":"B8DBA701CAF1F303AA13765388DBC91A","path":"/system/lib/libLLVM.so"}
{"aatime":"2017-08-29 10:54:35.556","cmd":4097,"uuid":"HC436W900062","md5":"6EA873F44F1B2C497853C0953FF7B2FE","path":"/system/lib/libRS.so"}
{"aatime":"2017-08-29 10:54:35.556","cmd":4097,"uuid":"HC436W900062","md5":"13F4EBF60038712C2BBE354ACFC168FC","path":"/system/lib/libstagefright_enc_common.so"}
{"aatime":"2017-08-29 10:54:35.556","cmd":4097,"uuid":"HC436W900062","md5":"5A0D7156898E1344648D3CD6F48366E3","path":"/system/lib/libhwui.so"}
{"aatime":"2017-08-29 10:54:35.556","cmd":4097,"uuid":"HC436W900062","md5":"C33B835ADE456FE90D51651ECA01E2D8","path":"/system/lib/libhtc_framework.so"}
{"aatime":"2017-08-29 10:54:35.556","cmd":4097,"uuid":"HC436W900062","md5":"0CBE6EE8A0201B03B2D5ED67AA4C8F17","path":"/system/lib/libicuuc.so"}
{"aatime":"2017-08-29 10:54:35.556","cmd":4097,"uuid":"HC436W900062","md5":"738903064921FAB173FD81E32268A99A","path":"/system/lib/libgabi++.so"}
{"aatime":"2017-08-29 10:54:35.556","cmd":4097,"uuid":"HC436W900062","md5":"1F05034BAA279EEA117BF91B1CFB4B27","path":"/system/lib/libicui18n.so"}
{"aatime":"2017-08-29 10:54:35.556","cmd":4097,"uuid":"HC436W900062","md5":"C2C4D5A77731C0EB4205E40BFB7296BF","path":"/system/lib/libharfbuzz_ng.so"}
{"aatime":"2017-08-29 10:54:35.556","cmd":4097,"uuid":"HC436W900062","md5":"7FFF499C305C222F6A4C9D3C22BF60CC","path":"/system/lib/libwpa_client.so"}
{"aatime":"2017-08-29 10:54:35.556","cmd":4097,"uuid":"HC436W900062","md5":"2A7C9BEE0C1EDDC151B79A653E3D08B5","path":"/system/lib/libnetutils.so"}
{"aatime":"2017-08-29 10:54:35.556","cmd":4097,"uuid":"HC436W900062","md5":"541A668667210CEACD47735E5AA430C9","path":"/system/lib/libhostapd_client.so"}
{"aatime":"2017-08-29 10:54:35.556","cmd":4097,"uuid":"HC436W900062","md5":"911CC1095FFEBA1FB56BE68F3E7C49C0","path":"/system/lib/libhardware_legacy.so"}
{"aatime":"2017-08-29 10:54:35.556","cmd":4097,"uuid":"HC436W900062","md5":"593EA7EBB89A15E2764DE2F5D4CC62D4","path":"/system/lib/libstagefright_avc_common.so"}
{"aatime":"2017-08-29 10:54:35.556","cmd":4097,"uuid":"HC436W900062","md5":"B1E8B9911EE5FD79A7273DD8728A0048","path":"/system/lib/libexpat.so"}
{"aatime":"2017-08-29 10:54:35.556","cmd":4097,"uuid":"HC436W900062","md5":"CACE0B77721AE7B16D0926DBE26BDA5D","path":"/system/lib/libcrypto.so"}
{"aatime":"2017-08-29 10:54:35.556","cmd":4097,"uuid":"HC436W900062","md5":"FEE9FDBCA8D4EDA20E96F1847DDCDBF5","path":"/system/lib/libhardware.so"}
{"aatime":"2017-08-29 10:54:35.556","cmd":4097,"uuid":"HC436W900062","md5":"37C2D05EADAF9C40975BBC0A66536B61","path":"/system/lib/libui.so"}
{"aatime":"2017-08-29 10:54:35.556","cmd":4097,"uuid":"HC436W900062","md5":"D7F4CA69AC0C2FEEED0191A93069442B","path":"/system/lib/libsync.so"}
{"aatime":"2017-08-29 10:54:35.556","cmd":4097,"uuid":"HC436W900062","md5":"9C5495D2D54B157770BE0F43A517E79D","path":"/system/lib/libgui.so"}
{"aatime":"2017-08-29 10:54:35.556","cmd":4097,"uuid":"HC436W900062","md5":"03905B49FF22F66E3D044382170089FC","path":"/system/lib/libcamera_metadata.so"}
{"aatime":"2017-08-29 10:54:35.556","cmd":4097,"uuid":"HC436W900062","md5":"4326876D3E13B2EF56DF593D2033C4C7","path":"/system/lib/libcamera_client.so"}
{"aatime":"2017-08-29 10:54:35.556","cmd":4097,"uuid":"HC436W900062","md5":"B8F0117176B1DAA0BE247B20F8B0B45D","path":"/system/lib/libspeexresampler.so"}
{"aatime":"2017-08-29 10:54:35.556","cmd":4097,"uuid":"HC436W900062","md5":"F6413347E42CA2441CBE69C8BCDDB44A","path":"/system/lib/libaudioutils.so"}
{"aatime":"2017-08-29 10:54:35.556","cmd":4097,"uuid":"HC436W900062","md5":"C763F44F0EAA4D84D258A53411BF7A80","path":"/system/lib/liboverlay.so"}
{"aatime":"2017-08-29 10:54:35.556","cmd":4097,"uuid":"HC436W900062","md5":"5BF7275772A350CBB1B459EAF558CE55","path":"/system/lib/libz.so"}
{"aatime":"2017-08-29 10:54:35.556","cmd":4097,"uuid":"HC436W900062","md5":"E275256CE605516EBC811E573F5CDB81","path":"/system/lib/libbinder.so"}
{"aatime":"2017-08-29 10:54:35.556","cmd":4097,"uuid":"HC436W900062","md5":"606FD919D07F755E3E8F3ED17DC61168","path":"/system/lib/libandroidfw.so"}
{"aatime":"2017-08-29 10:54:35.556","cmd":4097,"uuid":"HC436W900062","md5":"CF332B18CC52198E355CF96D7065EEE8","path":"/system/lib/libGLESv2.so"}
{"aatime":"2017-08-29 10:54:35.556","cmd":4097,"uuid":"HC436W900062","md5":"EFC6E5E70B5E1733581F97DE9919EBF2","path":"/system/lib/libGLESv1_CM.so"}
{"aatime":"2017-08-29 10:54:35.556","cmd":4097,"uuid":"HC436W900062","md5":"7C4583D27CBBCCBBAB3B965E0331114C","path":"/system/lib/libETC1.so"}
{"aatime":"2017-08-29 10:54:35.556","cmd":4097,"uuid":"HC436W900062","md5":"C18B6536CC83150648E45287735A396C","path":"/system/lib/libunwind-ptrace.so"}
{"aatime":"2017-08-29 10:54:35.556","cmd":4097,"uuid":"HC436W900062","md5":"91EE356A4FD5001E795CBB66497360C7","path":"/system/lib/libunwind.so"}
{"aatime":"2017-08-29 10:54:35.556","cmd":4097,"uuid":"HC436W900062","md5":"EEC9C311C159B487280196B561F0703A","path":"/system/lib/libgccdemangle.so"}
{"aatime":"2017-08-29 10:54:35.556","cmd":4097,"uuid":"HC436W900062","md5":"D3251049AB4009E22657B97AB1E0D478","path":"/system/lib/libbacktrace.so"}
